<?xml version="1.0" encoding="UTF-8"?>
<testng-results ignored="0" total="1" passed="1" failed="0" skipped="0">
  <reporter-output>
  </reporter-output>
  <suite started-at="2024-11-28T13:06:10 IST" name="Default suite" finished-at="2024-11-28T13:06:39 IST" duration-ms="28745">
    <groups>
    </groups>
    <test started-at="2024-11-28T13:06:10 IST" name="Default test" finished-at="2024-11-28T13:06:39 IST" duration-ms="28745">
      <class name="com.crm.organizations.TC_VT_004_Test">
        <test-method is-config="true" signature="reportConfiguration()[pri:0, instance:com.crm.organizations.TC_VT_004_Test@72d1ad2e]" started-at="2024-11-28T13:06:09 IST" name="reportConfiguration" finished-at="2024-11-28T13:06:10 IST" duration-ms="689" status="PASS">
          <reporter-output>
          </reporter-output>
        </test-method> <!-- reportConfiguration -->
        <test-method is-config="true" signature="launchBrowser(java.lang.String)[pri:0, instance:com.crm.organizations.TC_VT_004_Test@72d1ad2e]" started-at="2024-11-28T13:06:10 IST" name="launchBrowser" finished-at="2024-11-28T13:06:14 IST" duration-ms="4096" status="PASS">
          <params>
            <param index="0">
              <value>
                <![CDATA[chrome]]>
              </value>
            </param>
          </params>
          <reporter-output>
          </reporter-output>
        </test-method> <!-- launchBrowser -->
        <test-method is-config="true" signature="login()[pri:0, instance:com.crm.organizations.TC_VT_004_Test@72d1ad2e]" started-at="2024-11-28T13:06:14 IST" name="login" finished-at="2024-11-28T13:06:18 IST" duration-ms="4113" status="PASS">
          <reporter-output>
          </reporter-output>
        </test-method> <!-- login -->
        <test-method signature="createOrganizationWithIndustryDropDown()[pri:0, instance:com.crm.organizations.TC_VT_004_Test@72d1ad2e]" started-at="2024-11-28T13:06:18 IST" name="createOrganizationWithIndustryDropDown" finished-at="2024-11-28T13:06:36 IST" duration-ms="17363" status="PASS">
          <reporter-output>
          </reporter-output>
        </test-method> <!-- createOrganizationWithIndustryDropDown -->
        <test-method is-config="true" signature="logout()[pri:0, instance:com.crm.organizations.TC_VT_004_Test@72d1ad2e]" started-at="2024-11-28T13:06:36 IST" name="logout" finished-at="2024-11-28T13:06:38 IST" duration-ms="2661" status="PASS">
          <reporter-output>
          </reporter-output>
        </test-method> <!-- logout -->
        <test-method is-config="true" signature="closeBrowser()[pri:0, instance:com.crm.organizations.TC_VT_004_Test@72d1ad2e]" started-at="2024-11-28T13:06:38 IST" name="closeBrowser" finished-at="2024-11-28T13:06:39 IST" duration-ms="431" status="PASS">
          <reporter-output>
          </reporter-output>
        </test-method> <!-- closeBrowser -->
        <test-method is-config="true" signature="reportBackup()[pri:0, instance:com.crm.organizations.TC_VT_004_Test@72d1ad2e]" started-at="2024-11-28T13:06:39 IST" name="reportBackup" finished-at="2024-11-28T13:06:39 IST" duration-ms="657" status="PASS">
          <reporter-output>
          </reporter-output>
        </test-method> <!-- reportBackup -->
      </class> <!-- com.crm.organizations.TC_VT_004_Test -->
    </test> <!-- Default test -->
  </suite> <!-- Default suite -->
</testng-results>
